# JRE version: OpenJDK Runtime Environment Microsoft-13106358 (17.0.18+8) (build 17.0.18+8-LTS)
# Java VM: OpenJDK 64-Bit Server VM Microsoft-13106358 (17.0.18+8-LTS, mixed mode, sharing, tiered, compressed oops, compressed class ptrs, g1 gc, windows-amd64)
GC Precious Log:
 CPUs: 12 total, 12 available
 Memory: 7929M
 Large Page Support: Disabled
 NUMA Support: Disabled
 Compressed Oops: Enabled (32-bit)
 Heap Region Size: 1M
 Heap Min Capacity: 8M
 Heap Initial Capacity: 124M
 Heap Max Capacity: 1984M
 Pre-touch: Disabled
 Parallel Workers: 10
 Concurrent Workers: 3
 Concurrent Refinement Workers: 10
 Periodic GC: Disabled
Heap:
 garbage-first heap   total 91136K, used 60898K [0x0000000084000000, 0x0000000100000000)
  region size 1024K, 18 young (18432K), 1 survivors (1024K)
 Metaspace       used 86072K, committed 86656K, reserved 1179648K
  class space    used 11358K, committed 11648K, reserved 1048576K
GC Heap History (20 events):
Event: 4.833 GC heap before
{Heap before GC invocations=12 (full 0):
 garbage-first heap   total 75776K, used 53041K [0x0000000084000000, 0x0000000100000000)
  region size 1024K, 27 young (27648K), 2 survivors (2048K)
 Metaspace       used 59810K, committed 60288K, reserved 1114112K
  class space    used 7966K, committed 8192K, reserved 1048576K
}
Event: 4.834 GC heap after
{Heap after GC invocations=13 (full 0):
 garbage-first heap   total 75776K, used 28359K [0x0000000084000000, 0x0000000100000000)
  region size 1024K, 2 young (2048K), 2 survivors (2048K)
 Metaspace       used 59810K, committed 60288K, reserved 1114112K
  class space    used 7966K, committed 8192K, reserved 1048576K
}
Event: 5.319 GC heap before
{Heap before GC invocations=14 (full 0):
 garbage-first heap   total 75776K, used 59079K [0x0000000084000000, 0x0000000100000000)
  region size 1024K, 32 young (32768K), 2 survivors (2048K)
 Metaspace       used 65442K, committed 65984K, reserved 1114112K
  class space    used 8776K, committed 9024K, reserved 1048576K
}
Event: 5.322 GC heap after
{Heap after GC invocations=15 (full 0):
 garbage-first heap   total 75776K, used 31246K [0x0000000084000000, 0x0000000100000000)
  region size 1024K, 4 young (4096K), 4 survivors (4096K)
 Metaspace       used 65442K, committed 65984K, reserved 1114112K
  class space    used 8776K, committed 9024K, reserved 1048576K
}
Event: 5.783 GC heap before
{Heap before GC invocations=16 (full 0):
 garbage-first heap   total 75776K, used 59918K [0x0000000084000000, 0x0000000100000000)
  region size 1024K, 32 young (32768K), 4 survivors (4096K)
 Metaspace       used 68985K, committed 69568K, reserved 1114112K
  class space    used 9254K, committed 9536K, reserved 1048576K
}
Event: 5.787 GC heap after
{Heap after GC invocations=17 (full 0):
 garbage-first heap   total 75776K, used 34275K [0x0000000084000000, 0x0000000100000000)
  region size 1024K, 3 young (3072K), 3 survivors (3072K)
 Metaspace       used 68985K, committed 69568K, reserved 1114112K
  class space    used 9254K, committed 9536K, reserved 1048576K
}
Event: 6.027 GC heap before
{Heap before GC invocations=17 (full 0):
 garbage-first heap   total 75776K, used 59875K [0x0000000084000000, 0x0000000100000000)
  region size 1024K, 28 young (28672K), 3 survivors (3072K)
 Metaspace       used 70428K, committed 70912K, reserved 1114112K
  class space    used 9366K, committed 9600K, reserved 1048576K
}
Event: 6.030 GC heap after
{Heap after GC invocations=18 (full 0):
 garbage-first heap   total 75776K, used 37066K [0x0000000084000000, 0x0000000100000000)
  region size 1024K, 3 young (3072K), 3 survivors (3072K)
 Metaspace       used 70428K, committed 70912K, reserved 1114112K
  class space    used 9366K, committed 9600K, reserved 1048576K
}
Event: 6.340 GC heap before
{Heap before GC invocations=18 (full 0):
 garbage-first heap   total 75776K, used 59594K [0x0000000084000000, 0x0000000100000000)
  region size 1024K, 25 young (25600K), 3 survivors (3072K)
 Metaspace       used 72752K, committed 73344K, reserved 1114112K
  class space    used 9691K, committed 9984K, reserved 1048576K
}
Event: 6.344 GC heap after
{Heap after GC invocations=19 (full 0):
 garbage-first heap   total 75776K, used 39372K [0x0000000084000000, 0x0000000100000000)
  region size 1024K, 3 young (3072K), 3 survivors (3072K)
 Metaspace       used 72752K, committed 73344K, reserved 1114112K
  class space    used 9691K, committed 9984K, reserved 1048576K
}
Event: 6.649 GC heap before
{Heap before GC invocations=20 (full 0):
 garbage-first heap   total 75776K, used 59852K [0x0000000084000000, 0x0000000100000000)
  region size 1024K, 23 young (23552K), 3 survivors (3072K)
 Metaspace       used 74448K, committed 75008K, reserved 1114112K
  class space    used 9930K, committed 10176K, reserved 1048576K
}
Event: 6.652 GC heap after
{Heap after GC invocations=21 (full 0):
 garbage-first heap   total 75776K, used 41537K [0x0000000084000000, 0x0000000100000000)
  region size 1024K, 3 young (3072K), 3 survivors (3072K)
 Metaspace       used 74448K, committed 75008K, reserved 1114112K
  class space    used 9930K, committed 10176K, reserved 1048576K
}
Event: 48.269 GC heap before
{Heap before GC invocations=21 (full 0):
 garbage-first heap   total 75776K, used 58945K [0x0000000084000000, 0x0000000100000000)
  region size 1024K, 21 young (21504K), 3 survivors (3072K)
 Metaspace       used 78739K, committed 79296K, reserved 1179648K
  class space    used 10527K, committed 10816K, reserved 1048576K
}
Event: 48.279 GC heap after
{Heap after GC invocations=22 (full 0):
 garbage-first heap   total 91136K, used 42677K [0x0000000084000000, 0x0000000100000000)
  region size 1024K, 2 young (2048K), 2 survivors (2048K)
 Metaspace       used 78739K, committed 79296K, reserved 1179648K
  class space    used 10527K, committed 10816K, reserved 1048576K
}
Event: 55.437 GC heap before
{Heap before GC invocations=23 (full 0):
 garbage-first heap   total 91136K, used 71349K [0x0000000084000000, 0x0000000100000000)
  region size 1024K, 31 young (31744K), 2 survivors (2048K)
 Metaspace       used 83565K, committed 84160K, reserved 1179648K
  class space    used 11291K, committed 11584K, reserved 1048576K
}
Event: 55.440 GC heap after
{Heap after GC invocations=24 (full 0):
 garbage-first heap   total 91136K, used 44807K [0x0000000084000000, 0x0000000100000000)
  region size 1024K, 4 young (4096K), 4 survivors (4096K)
 Metaspace       used 83565K, committed 84160K, reserved 1179648K
  class space    used 11291K, committed 11584K, reserved 1048576K
}
Event: 55.483 GC heap before
{Heap before GC invocations=24 (full 0):
 garbage-first heap   total 91136K, used 45831K [0x0000000084000000, 0x0000000100000000)
  region size 1024K, 5 young (5120K), 4 survivors (4096K)
 Metaspace       used 83636K, committed 84288K, reserved 1179648K
  class space    used 11292K, committed 11584K, reserved 1048576K
}
Event: 55.488 GC heap after
{Heap after GC invocations=25 (full 0):
 garbage-first heap   total 91136K, used 44474K [0x0000000084000000, 0x0000000100000000)
  region size 1024K, 1 young (1024K), 1 survivors (1024K)
 Metaspace       used 83636K, committed 84288K, reserved 1179648K
  class space    used 11292K, committed 11584K, reserved 1048576K
}
Event: 191.796 GC heap before
{Heap before GC invocations=25 (full 0):
 garbage-first heap   total 91136K, used 74170K [0x0000000084000000, 0x0000000100000000)
  region size 1024K, 30 young (30720K), 1 survivors (1024K)
 Metaspace       used 85594K, committed 86208K, reserved 1179648K
  class space    used 11358K, committed 11648K, reserved 1048576K
}
Event: 191.799 GC heap after
{Heap after GC invocations=26 (full 0):
 garbage-first heap   total 91136K, used 44514K [0x0000000084000000, 0x0000000100000000)
  region size 1024K, 1 young (1024K), 1 survivors (1024K)
 Metaspace       used 85594K, committed 86208K, reserved 1179648K
  class space    used 11358K, committed 11648K, reserved 1048576K
}

